Determining if the pthread_create exist failed with the following output:
Change Dir: /home/intellimath/catkin_ws/src/robot_car_ros/build/CMakeFiles/CMakeTmp

Run Build Command:"/usr/bin/make" "cmTC_5af29/fast"
/usr/bin/make -f CMakeFiles/cmTC_5af29.dir/build.make CMakeFiles/cmTC_5af29.dir/build
make[1]: Entering directory '/home/intellimath/catkin_ws/src/robot_car_ros/build/CMakeFiles/CMakeTmp'
Building C object CMakeFiles/cmTC_5af29.dir/CheckSymbolExists.c.o
/usr/bin/gcc-7    -o CMakeFiles/cmTC_5af29.dir/CheckSymbolExists.c.o   -c /home/intellimath/catkin_ws/src/robot_car_ros/build/CMakeFiles/CMakeTmp/CheckSymbolExists.c
Linking C executable cmTC_5af29
/usr/bin/cmake -E cmake_link_script CMakeFiles/cmTC_5af29.dir/link.txt --verbose=1
/usr/bin/gcc-7      -rdynamic CMakeFiles/cmTC_5af29.dir/CheckSymbolExists.c.o  -o cmTC_5af29 
CMakeFiles/cmTC_5af29.dir/CheckSymbolExists.c.o: In function `main':
CheckSymbolExists.c:(.text+0x1b): undefined reference to `pthread_create'
collect2: error: ld returned 1 exit status
CMakeFiles/cmTC_5af29.dir/build.make:97: recipe for target 'cmTC_5af29' failed
make[1]: *** [cmTC_5af29] Error 1
make[1]: Leaving directory '/home/intellimath/catkin_ws/src/robot_car_ros/build/CMakeFiles/CMakeTmp'
Makefile:126: recipe for target 'cmTC_5af29/fast' failed
make: *** [cmTC_5af29/fast] Error 2

File /home/intellimath/catkin_ws/src/robot_car_ros/build/CMakeFiles/CMakeTmp/CheckSymbolExists.c:
/* */
#include <pthread.h>

int main(int argc, char** argv)
{
  (void)argv;
#ifndef pthread_create
  return ((int*)(&pthread_create))[argc];
#else
  (void)argc;
  return 0;
#endif
}

Determining if the function pthread_create exists in the pthreads failed with the following output:
Change Dir: /home/intellimath/catkin_ws/src/robot_car_ros/build/CMakeFiles/CMakeTmp

Run Build Command:"/usr/bin/make" "cmTC_fbd12/fast"
/usr/bin/make -f CMakeFiles/cmTC_fbd12.dir/build.make CMakeFiles/cmTC_fbd12.dir/build
make[1]: Entering directory '/home/intellimath/catkin_ws/src/robot_car_ros/build/CMakeFiles/CMakeTmp'
Building C object CMakeFiles/cmTC_fbd12.dir/CheckFunctionExists.c.o
/usr/bin/gcc-7   -DCHECK_FUNCTION_EXISTS=pthread_create   -o CMakeFiles/cmTC_fbd12.dir/CheckFunctionExists.c.o   -c /usr/share/cmake-3.10/Modules/CheckFunctionExists.c
Linking C executable cmTC_fbd12
/usr/bin/cmake -E cmake_link_script CMakeFiles/cmTC_fbd12.dir/link.txt --verbose=1
/usr/bin/gcc-7  -DCHECK_FUNCTION_EXISTS=pthread_create    -rdynamic CMakeFiles/cmTC_fbd12.dir/CheckFunctionExists.c.o  -o cmTC_fbd12 -lpthreads 
/usr/bin/ld: cannot find -lpthreads
collect2: error: ld returned 1 exit status
CMakeFiles/cmTC_fbd12.dir/build.make:97: recipe for target 'cmTC_fbd12' failed
make[1]: *** [cmTC_fbd12] Error 1
make[1]: Leaving directory '/home/intellimath/catkin_ws/src/robot_car_ros/build/CMakeFiles/CMakeTmp'
Makefile:126: recipe for target 'cmTC_fbd12/fast' failed
make: *** [cmTC_fbd12/fast] Error 2


